d:\programming_practice\sfml_c++\snakegame\snakegame\x64\debug\vc143.pdb
d:\programming_practice\sfml_c++\snakegame\snakegame\x64\debug\vc143.idb
d:\programming_practice\sfml_c++\snakegame\snakegame\x64\debug\imgui_widgets.obj
d:\programming_practice\sfml_c++\snakegame\snakegame\x64\debug\imgui_tables.obj
d:\programming_practice\sfml_c++\snakegame\snakegame\x64\debug\imgui_draw.obj
d:\programming_practice\sfml_c++\snakegame\snakegame\x64\debug\imgui.obj
d:\programming_practice\sfml_c++\snakegame\snakegame\x64\debug\imgui-sfml.obj
d:\programming_practice\sfml_c++\snakegame\snakegame\x64\debug\state.obj
d:\programming_practice\sfml_c++\snakegame\snakegame\x64\debug\snake.obj
d:\programming_practice\sfml_c++\snakegame\snakegame\x64\debug\main.obj
d:\programming_practice\sfml_c++\snakegame\snakegame\x64\debug\levelborder.obj
d:\programming_practice\sfml_c++\snakegame\snakegame\x64\debug\gameui.obj
d:\programming_practice\sfml_c++\snakegame\snakegame\x64\debug\gamemanager.obj
d:\programming_practice\sfml_c++\snakegame\snakegame\x64\debug\gameconstant.obj
d:\programming_practice\sfml_c++\snakegame\snakegame\x64\debug\gameconfig.obj
d:\programming_practice\sfml_c++\snakegame\snakegame\x64\debug\button.obj
d:\programming_practice\sfml_c++\snakegame\snakegame\x64\debug\snakegame.res
d:\programming_practice\sfml_c++\snakegame\x64\debug\snakegame.pdb
d:\programming_practice\sfml_c++\snakegame\snakegame\x64\debug\snakegame.tlog\cl.command.1.tlog
d:\programming_practice\sfml_c++\snakegame\snakegame\x64\debug\snakegame.tlog\cl.read.1.tlog
d:\programming_practice\sfml_c++\snakegame\snakegame\x64\debug\snakegame.tlog\cl.write.1.tlog
d:\programming_practice\sfml_c++\snakegame\snakegame\x64\debug\snakegame.tlog\link-cvtres.read.1.tlog
d:\programming_practice\sfml_c++\snakegame\snakegame\x64\debug\snakegame.tlog\link-cvtres.write.1.tlog
d:\programming_practice\sfml_c++\snakegame\snakegame\x64\debug\snakegame.tlog\link-rc.read.1.tlog
d:\programming_practice\sfml_c++\snakegame\snakegame\x64\debug\snakegame.tlog\link-rc.write.1.tlog
d:\programming_practice\sfml_c++\snakegame\snakegame\x64\debug\snakegame.tlog\link.command.1.tlog
d:\programming_practice\sfml_c++\snakegame\snakegame\x64\debug\snakegame.tlog\link.read.1.tlog
d:\programming_practice\sfml_c++\snakegame\snakegame\x64\debug\snakegame.tlog\link.read.2.tlog
d:\programming_practice\sfml_c++\snakegame\snakegame\x64\debug\snakegame.tlog\link.read.3.tlog
d:\programming_practice\sfml_c++\snakegame\snakegame\x64\debug\snakegame.tlog\link.write.1.tlog
d:\programming_practice\sfml_c++\snakegame\snakegame\x64\debug\snakegame.tlog\rc.command.1.tlog
d:\programming_practice\sfml_c++\snakegame\snakegame\x64\debug\snakegame.tlog\rc.read.1.tlog
d:\programming_practice\sfml_c++\snakegame\snakegame\x64\debug\snakegame.tlog\rc.write.1.tlog
